const redis = require('redis');

class RedisClient {
    constructor() {
        this.client = redis.createClient();
        this.client.on('error', (err) => console.error('Redis client not connected to the server:', err));
    }

    set(key, value, duration) {
        this.client.setex(key, duration, value, (err) => {
            if (err) {
                console.error('Failed to set key:', key);
            }
        });
    }

    get(key, callback) {
        this.client.get(key, (err, value) => {
            if (err) {
                console.error('Failed to get key:', key);
            }
            callback(value);
        });
    }
}

module.exports = new RedisClient();

